  Validating sources
  Copying sources remotely to 'cuba.meow.rip'
  Validating architecture
  Validating architecture
  Starting remote build
  Compiling sources:
  MinecraftServer.cpp
H:\McCPP\src\MinecraftServer.cpp(10,17): warning : unused variable ‘ip’ [-Wunused-variable]
H:\McCPP\src\MinecraftServer.cpp(10,17): warning :    10 |     const char* ip = "15.235.13.44";
H:\McCPP\src\MinecraftServer.cpp(10,17): warning :       |                 ^~
  HandshakeTCP.cpp
H:\McCPP\src\network\HandshakeTCP.cpp(21,15): warning : unused variable ‘statusReqPacket’ [-Wunused-variable]
H:\McCPP\src\network\HandshakeTCP.cpp(21,15): warning :    21 |         UInt8 statusReqPacket[2] = { 1,0 };
H:\McCPP\src\network\HandshakeTCP.cpp(21,15): warning :       |               ^~~~~~~~~~~~~~~
H:\McCPP\src\network\HandshakeTCP.cpp(25,13): warning : unused variable ‘readVal’ [-Wunused-variable]
H:\McCPP\src\network\HandshakeTCP.cpp(25,13): warning :    25 |         int readVal, clientfd;
H:\McCPP\src\network\HandshakeTCP.cpp(25,13): warning :       |             ^~~~~~~
  LoginServer.cpp
  PackData.cpp
H:\McCPP\src\network\PackData.cpp(62,1): warning : control reaches end of non-void function [-Wreturn-type]
H:\McCPP\src\network\PackData.cpp(62,1): warning :    62 | }
H:\McCPP\src\network\PackData.cpp(62,1): warning :       | ^
  Position.cpp
  RCONServer.cpp
  VarIntLong.cpp
H:\McCPP\src\network\VarIntLong.cpp(22,28): warning : conversion from ‘int’ to ‘Int8’ {aka ‘signed char’} changes value from ‘128’ to ‘-128’ [-Wconversion]
H:\McCPP\src\network\VarIntLong.cpp(22,28): warning :    22 |                 Int8 tmp = 0x80;
H:\McCPP\src\network\VarIntLong.cpp(22,28): warning :       |                            ^~~~
H:\McCPP\src\network\VarIntLong.cpp(26,40): warning : conversion from ‘ssize_t’ {aka ‘long int’} to ‘Int32’ {aka ‘int’} may change value [-Wconversion]
H:\McCPP\src\network\VarIntLong.cpp(26,40): warning :    26 |                         *readVal = read(*sock, &tmp, 1);
H:\McCPP\src\network\VarIntLong.cpp(26,40): warning :       |                                    ~~~~^~~~~~~~~~~~~~~~
H:\McCPP\src\network\VarIntLong.cpp(38,57): warning : conversion from ‘Int32’ {aka ‘int’} to ‘Byte’ {aka ‘unsigned char’} may change value [-Wconversion]
H:\McCPP\src\network\VarIntLong.cpp(38,57): warning :    38 |                 this->varIntBuf[pos++] = ((value & 127) | 128);
H:\McCPP\src\network\VarIntLong.cpp(38,57): warning :       |                                          ~~~~~~~~~~~~~~~^~~~~~
H:\McCPP\src\network\VarIntLong.cpp(44,22): warning : comparison of integer expressions of different signedness: ‘int’ and ‘UInt32’ {aka ‘unsigned int’} [-Wsign-compare]
H:\McCPP\src\network\VarIntLong.cpp(44,22): warning :    44 |         for(int i=0;i<varIntSize;i++)
H:\McCPP\src\network\VarIntLong.cpp(44,22): warning :       |                     ~^~~~~~~~~~~
  Linking objects
  McCPP.vcxproj -> H:\McCPP\bin\x64\Debug\McCPP.out
